This is pdfTeX, Version 3.14159265-2.6-1.40.20 (MiKTeX 2.9.6960 64-bit) (preloaded format=pdflatex 2019.2.20)  28 FEB 2019 10:58
entering extended mode
**./Java.tex
(Java.tex
LaTeX2e <2018-12-01>
\@input{header/header.aux}
\openout2 = `header/header.aux'.

(header/header.tex
("C:\Users\Christina\AppData\Local\Programs\MiKTeX 2.9\tex/latex/koma-script\sc
rartcl.cls"
Document Class: scrartcl 2019/02/01 v3.26b KOMA-Script document class (article)


("C:\Users\Christina\AppData\Local\Programs\MiKTeX 2.9\tex/latex/koma-script\sc
rkbase.sty"
Package: scrkbase 2019/02/01 v3.26b KOMA-Script package (KOMA-Script-dependent 
basics and keyval usage)

("C:\Users\Christina\AppData\Local\Programs\MiKTeX 2.9\tex/latex/koma-script\sc
rbase.sty"
Package: scrbase 2019/02/01 v3.26b KOMA-Script package (KOMA-Script-independent
 basics and keyval usage)

("C:\Users\Christina\AppData\Local\Programs\MiKTeX 2.9\tex/latex/graphics\keyva
l.sty"
Package: keyval 2014/10/28 v1.15 key=value parser (DPC)
\KV@toks@=\toks14
)
("C:\Users\Christina\AppData\Local\Programs\MiKTeX 2.9\tex/latex/koma-script\sc
rlfile.sty"
Package: scrlfile 2019/02/01 v3.26b KOMA-Script package (loading files)
)))
("C:\Users\Christina\AppData\Local\Programs\MiKTeX 2.9\tex/latex/koma-script\to
cbasic.sty"
Package: tocbasic 2019/02/01 v3.26b KOMA-Script package (handling toc-files)
\scr@dte@tocline@numberwidth=\skip41
\scr@dte@tocline@numbox=\box27
)
Package tocbasic Info: omitting babel extension for `toc'
(tocbasic)             because of feature `nobabel' available
(tocbasic)             for `toc' on input line 134.
Package scrartcl Info: You've used standard option `10pt'.
(scrartcl)             This is correct!
(scrartcl)             Internally I'm using `fontsize=10pt'.
(scrartcl)             If you'd like to set the option with \KOMAoptions,
(scrartcl)             you'd have to use `fontsize=10pt' there
(scrartcl)             instead of `10pt', too.

("C:\Users\Christina\AppData\Local\Programs\MiKTeX 2.9\tex/latex/base\fleqn.clo
"
File: fleqn.clo 2016/12/29 v1.2b Standard LaTeX option (flush left equations)
\mathindent=\dimen102
Applying: [2015/01/01] Make \[ robust on input line 50.
LaTeX Info: Redefining \[ on input line 51.
Already applied: [0000/00/00] Make \[ robust on input line 62.
Applying: [2015/01/01] Make \] robust on input line 74.
LaTeX Info: Redefining \] on input line 75.
Already applied: [0000/00/00] Make \] robust on input line 83.
)
Class scrartcl Info: File `scrsize10pt.clo' used to setup font sizes on input l
ine 2162.

("C:\Users\Christina\AppData\Local\Programs\MiKTeX 2.9\tex/latex/koma-script\sc
rsize10pt.clo"
File: scrsize10pt.clo 2019/02/01 v3.26b KOMA-Script font size class option (10p
t)
)
("C:\Users\Christina\AppData\Local\Programs\MiKTeX 2.9\tex/latex/koma-script\ty
pearea.sty"
Package: typearea 2019/02/01 v3.26b KOMA-Script package (type area)
\ta@bcor=\skip42
\ta@div=\count80
Package typearea Info: You've used standard option `a4paper'.
(typearea)             This is correct!
(typearea)             Internally I'm using `paper=a4'.
(typearea)             If you'd like to set the option with \KOMAoptions,
(typearea)             you'd have to use `paper=a4' there
(typearea)             instead of `a4paper', too.
\ta@hblk=\skip43
\ta@vblk=\skip44
\ta@temp=\skip45
\footheight=\skip46
Package typearea Info: These are the values describing the layout:
(typearea)             DIV  = 8
(typearea)             BCOR = 0.0pt
(typearea)             \paperwidth      = 597.50793pt
(typearea)              \textwidth      = 373.44246pt
(typearea)              DIV departure   = -4%
(typearea)              \evensidemargin = 77.107pt
(typearea)              \oddsidemargin  = 2.4185pt
(typearea)             \paperheight     = 845.04694pt
(typearea)              \textheight     = 454.0pt
(typearea)              \topmargin      = 33.36087pt
(typearea)              \headheight     = 15.0pt
(typearea)              \headsep        = 18.0pt
(typearea)              \topskip        = 10.0pt
(typearea)              \footskip       = 42.0pt
(typearea)              \baselineskip   = 12.0pt
(typearea)              on input line 1715.
)
\c@part=\count81
\c@section=\count82
\c@subsection=\count83
\c@subsubsection=\count84
\c@paragraph=\count85
\c@subparagraph=\count86
\scr@dte@section@maxnumwidth=\skip47
Class scrartcl Info: using compatibility default `runin=bysign'
(scrartcl)           for `\section on input line 4489.
Class scrartcl Info: using compatibility default `afterindent=bysign'
(scrartcl)           for `\section on input line 4489.
\scr@dte@part@maxnumwidth=\skip48
Class scrartcl Info: using compatibility default `afterindent=false'
(scrartcl)           for `\part on input line 4497.
\scr@dte@subsection@maxnumwidth=\skip49
Class scrartcl Info: using compatibility default `runin=bysign'
(scrartcl)           for `\subsection on input line 4507.
Class scrartcl Info: using compatibility default `afterindent=bysign'
(scrartcl)           for `\subsection on input line 4507.
\scr@dte@subsubsection@maxnumwidth=\skip50
Class scrartcl Info: using compatibility default `runin=bysign'
(scrartcl)           for `\subsubsection on input line 4517.
Class scrartcl Info: using compatibility default `afterindent=bysign'
(scrartcl)           for `\subsubsection on input line 4517.
\scr@dte@paragraph@maxnumwidth=\skip51
Class scrartcl Info: using compatibility default `runin=bysign'
(scrartcl)           for `\paragraph on input line 4527.
Class scrartcl Info: using compatibility default `afterindent=bysign'
(scrartcl)           for `\paragraph on input line 4527.
\scr@dte@subparagraph@maxnumwidth=\skip52
Class scrartcl Info: using compatibility default `runin=bysign'
(scrartcl)           for `\subparagraph on input line 4537.
Class scrartcl Info: using compatibility default `afterindent=bysign'
(scrartcl)           for `\subparagraph on input line 4537.
\abovecaptionskip=\skip53
\belowcaptionskip=\skip54
\c@pti@nb@sid@b@x=\box28
Package tocbasic Info: omitting babel extension for `lof'
(tocbasic)             because of feature `nobabel' available
(tocbasic)             for `lof' on input line 5781.
\scr@dte@figure@maxnumwidth=\skip55
\c@figure=\count87
Package tocbasic Info: omitting babel extension for `lot'
(tocbasic)             because of feature `nobabel' available
(tocbasic)             for `lot' on input line 5793.
\scr@dte@table@maxnumwidth=\skip56
\c@table=\count88
Class scrartcl Info: Redefining `\numberline' on input line 5957.
\bibindent=\dimen103
)
("C:\Users\Christina\AppData\Local\Programs\MiKTeX 2.9\tex/latex/geometry\geome
try.sty"
Package: geometry 2018/04/16 v5.8 Page Geometry

("C:\Users\Christina\AppData\Local\Programs\MiKTeX 2.9\tex/generic/oberdiek\ifp
df.sty"
Package: ifpdf 2018/09/07 v3.3 Provides the ifpdf switch
)
("C:\Users\Christina\AppData\Local\Programs\MiKTeX 2.9\tex/generic/oberdiek\ifv
tex.sty"
Package: ifvtex 2016/05/16 v1.6 Detect VTeX and its facilities (HO)
Package ifvtex Info: VTeX not detected.
)
("C:\Users\Christina\AppData\Local\Programs\MiKTeX 2.9\tex/generic/ifxetex\ifxe
tex.sty"
Package: ifxetex 2010/09/12 v0.6 Provides ifxetex conditional
)
\Gm@cnth=\count89
\Gm@cntv=\count90
\c@Gm@tempcnt=\count91
\Gm@bindingoffset=\dimen104
\Gm@wd@mp=\dimen105
\Gm@odd@mp=\dimen106
\Gm@even@mp=\dimen107
\Gm@layoutwidth=\dimen108
\Gm@layoutheight=\dimen109
\Gm@layouthoffset=\dimen110
\Gm@layoutvoffset=\dimen111
\Gm@dimlist=\toks15

("C:\Users\Christina\AppData\Local\Programs\MiKTeX 2.9\tex/latex/geometry\geome
try.cfg"))
("C:\Users\Christina\AppData\Local\Programs\MiKTeX 2.9\tex/latex/base\inputenc.
sty"
Package: inputenc 2018/08/11 v1.3c Input encoding file
\inpenc@prehook=\toks16
\inpenc@posthook=\toks17

("C:\Users\Christina\AppData\Local\Programs\MiKTeX 2.9\tex/latex/base\UTF8.def"
File: utf8.def 2018/10/05 v1.2f UTF-8 support for inputenc
Now handling font encoding OML ...
... no UTF-8 mapping file for font encoding OML
Now handling font encoding T1 ...
... processing UTF-8 mapping file for font encoding T1
("C:\Users\Christina\AppData\Local\Programs\MiKTeX 2.9\tex/latex/base\t1enc.dfu
"
File: t1enc.dfu 2018/10/05 v1.2f UTF-8 support for inputenc
   defining Unicode char U+00A0 (decimal 160)
   defining Unicode char U+00A1 (decimal 161)
   defining Unicode char U+00A3 (decimal 163)
   defining Unicode char U+00AB (decimal 171)
   defining Unicode char U+00AD (decimal 173)
   defining Unicode char U+00BB (decimal 187)
   defining Unicode char U+00BF (decimal 191)
   defining Unicode char U+00C0 (decimal 192)
   defining Unicode char U+00C1 (decimal 193)
   defining Unicode char U+00C2 (decimal 194)
   defining Unicode char U+00C3 (decimal 195)
   defining Unicode char U+00C4 (decimal 196)
   defining Unicode char U+00C5 (decimal 197)
   defining Unicode char U+00C6 (decimal 198)
   defining Unicode char U+00C7 (decimal 199)
   defining Unicode char U+00C8 (decimal 200)
   defining Unicode char U+00C9 (decimal 201)
   defining Unicode char U+00CA (decimal 202)
   defining Unicode char U+00CB (decimal 203)
   defining Unicode char U+00CC (decimal 204)
   defining Unicode char U+00CD (decimal 205)
   defining Unicode char U+00CE (decimal 206)
   defining Unicode char U+00CF (decimal 207)
   defining Unicode char U+00D0 (decimal 208)
   defining Unicode char U+00D1 (decimal 209)
   defining Unicode char U+00D2 (decimal 210)
   defining Unicode char U+00D3 (decimal 211)
   defining Unicode char U+00D4 (decimal 212)
   defining Unicode char U+00D5 (decimal 213)
   defining Unicode char U+00D6 (decimal 214)
   defining Unicode char U+00D8 (decimal 216)
   defining Unicode char U+00D9 (decimal 217)
   defining Unicode char U+00DA (decimal 218)
   defining Unicode char U+00DB (decimal 219)
   defining Unicode char U+00DC (decimal 220)
   defining Unicode char U+00DD (decimal 221)
   defining Unicode char U+00DE (decimal 222)
   defining Unicode char U+00DF (decimal 223)
   defining Unicode char U+00E0 (decimal 224)
   defining Unicode char U+00E1 (decimal 225)
   defining Unicode char U+00E2 (decimal 226)
   defining Unicode char U+00E3 (decimal 227)
   defining Unicode char U+00E4 (decimal 228)
   defining Unicode char U+00E5 (decimal 229)
   defining Unicode char U+00E6 (decimal 230)
   defining Unicode char U+00E7 (decimal 231)
   defining Unicode char U+00E8 (decimal 232)
   defining Unicode char U+00E9 (decimal 233)
   defining Unicode char U+00EA (decimal 234)
   defining Unicode char U+00EB (decimal 235)
   defining Unicode char U+00EC (decimal 236)
   defining Unicode char U+00ED (decimal 237)
   defining Unicode char U+00EE (decimal 238)
   defining Unicode char U+00EF (decimal 239)
   defining Unicode char U+00F0 (decimal 240)
   defining Unicode char U+00F1 (decimal 241)
   defining Unicode char U+00F2 (decimal 242)
   defining Unicode char U+00F3 (decimal 243)
   defining Unicode char U+00F4 (decimal 244)
   defining Unicode char U+00F5 (decimal 245)
   defining Unicode char U+00F6 (decimal 246)
   defining Unicode char U+00F8 (decimal 248)
   defining Unicode char U+00F9 (decimal 249)
   defining Unicode char U+00FA (decimal 250)
   defining Unicode char U+00FB (decimal 251)
   defining Unicode char U+00FC (decimal 252)
   defining Unicode char U+00FD (decimal 253)
   defining Unicode char U+00FE (decimal 254)
   defining Unicode char U+00FF (decimal 255)
   defining Unicode char U+0100 (decimal 256)
   defining Unicode char U+0101 (decimal 257)
   defining Unicode char U+0102 (decimal 258)
   defining Unicode char U+0103 (decimal 259)
   defining Unicode char U+0104 (decimal 260)
   defining Unicode char U+0105 (decimal 261)
   defining Unicode char U+0106 (decimal 262)
   defining Unicode char U+0107 (decimal 263)
   defining Unicode char U+0108 (decimal 264)
   defining Unicode char U+0109 (decimal 265)
   defining Unicode char U+010A (decimal 266)
   defining Unicode char U+010B (decimal 267)
   defining Unicode char U+010C (decimal 268)
   defining Unicode char U+010D (decimal 269)
   defining Unicode char U+010E (decimal 270)
   defining Unicode char U+010F (decimal 271)
   defining Unicode char U+0110 (decimal 272)
   defining Unicode char U+0111 (decimal 273)
   defining Unicode char U+0112 (decimal 274)
   defining Unicode char U+0113 (decimal 275)
   defining Unicode char U+0114 (decimal 276)
   defining Unicode char U+0115 (decimal 277)
   defining Unicode char U+0116 (decimal 278)
   defining Unicode char U+0117 (decimal 279)
   defining Unicode char U+0118 (decimal 280)
   defining Unicode char U+0119 (decimal 281)
   defining Unicode char U+011A (decimal 282)
   defining Unicode char U+011B (decimal 283)
   defining Unicode char U+011C (decimal 284)
   defining Unicode char U+011D (decimal 285)
   defining Unicode char U+011E (decimal 286)
   defining Unicode char U+011F (decimal 287)
   defining Unicode char U+0120 (decimal 288)
   defining Unicode char U+0121 (decimal 289)
   defining Unicode char U+0122 (decimal 290)
   defining Unicode char U+0123 (decimal 291)
   defining Unicode char U+0124 (decimal 292)
   defining Unicode char U+0125 (decimal 293)
   defining Unicode char U+0128 (decimal 296)
   defining Unicode char U+0129 (decimal 297)
   defining Unicode char U+012A (decimal 298)
   defining Unicode char U+012B (decimal 299)
   defining Unicode char U+012C (decimal 300)
   defining Unicode char U+012D (decimal 301)
   defining Unicode char U+012E (decimal 302)
   defining Unicode char U+012F (decimal 303)
   defining Unicode char U+0130 (decimal 304)
   defining Unicode char U+0131 (decimal 305)
   defining Unicode char U+0132 (decimal 306)
   defining Unicode char U+0133 (decimal 307)
   defining Unicode char U+0134 (decimal 308)
   defining Unicode char U+0135 (decimal 309)
   defining Unicode char U+0136 (decimal 310)
   defining Unicode char U+0137 (decimal 311)
   defining Unicode char U+0139 (decimal 313)
   defining Unicode char U+013A (decimal 314)
   defining Unicode char U+013B (decimal 315)
   defining Unicode char U+013C (decimal 316)
   defining Unicode char U+013D (decimal 317)
   defining Unicode char U+013E (decimal 318)
   defining Unicode char U+0141 (decimal 321)
   defining Unicode char U+0142 (decimal 322)
   defining Unicode char U+0143 (decimal 323)
   defining Unicode char U+0144 (decimal 324)
   defining Unicode char U+0145 (decimal 325)
   defining Unicode char U+0146 (decimal 326)
   defining Unicode char U+0147 (decimal 327)
   defining Unicode char U+0148 (decimal 328)
   defining Unicode char U+014A (decimal 330)
   defining Unicode char U+014B (decimal 331)
   defining Unicode char U+014C (decimal 332)
   defining Unicode char U+014D (decimal 333)
   defining Unicode char U+014E (decimal 334)
   defining Unicode char U+014F (decimal 335)
   defining Unicode char U+0150 (decimal 336)
   defining Unicode char U+0151 (decimal 337)
   defining Unicode char U+0152 (decimal 338)
   defining Unicode char U+0153 (decimal 339)
   defining Unicode char U+0154 (decimal 340)
   defining Unicode char U+0155 (decimal 341)
   defining Unicode char U+0156 (decimal 342)
   defining Unicode char U+0157 (decimal 343)
   defining Unicode char U+0158 (decimal 344)
   defining Unicode char U+0159 (decimal 345)
   defining Unicode char U+015A (decimal 346)
   defining Unicode char U+015B (decimal 347)
   defining Unicode char U+015C (decimal 348)
   defining Unicode char U+015D (decimal 349)
   defining Unicode char U+015E (decimal 350)
   defining Unicode char U+015F (decimal 351)
   defining Unicode char U+0160 (decimal 352)
   defining Unicode char U+0161 (decimal 353)
   defining Unicode char U+0162 (decimal 354)
   defining Unicode char U+0163 (decimal 355)
   defining Unicode char U+0164 (decimal 356)
   defining Unicode char U+0165 (decimal 357)
   defining Unicode char U+0168 (decimal 360)
   defining Unicode char U+0169 (decimal 361)
   defining Unicode char U+016A (decimal 362)
   defining Unicode char U+016B (decimal 363)
   defining Unicode char U+016C (decimal 364)
   defining Unicode char U+016D (decimal 365)
   defining Unicode char U+016E (decimal 366)
   defining Unicode char U+016F (decimal 367)
   defining Unicode char U+0170 (decimal 368)
   defining Unicode char U+0171 (decimal 369)
   defining Unicode char U+0172 (decimal 370)
   defining Unicode char U+0173 (decimal 371)
   defining Unicode char U+0174 (decimal 372)
   defining Unicode char U+0175 (decimal 373)
   defining Unicode char U+0176 (decimal 374)
   defining Unicode char U+0177 (decimal 375)
   defining Unicode char U+0178 (decimal 376)
   defining Unicode char U+0179 (decimal 377)
   defining Unicode char U+017A (decimal 378)
   defining Unicode char U+017B (decimal 379)
   defining Unicode char U+017C (decimal 380)
   defining Unicode char U+017D (decimal 381)
   defining Unicode char U+017E (decimal 382)
   defining Unicode char U+01CD (decimal 461)
   defining Unicode char U+01CE (decimal 462)
   defining Unicode char U+01CF (decimal 463)
   defining Unicode char U+01D0 (decimal 464)
   defining Unicode char U+01D1 (decimal 465)
   defining Unicode char U+01D2 (decimal 466)
   defining Unicode char U+01D3 (decimal 467)
   defining Unicode char U+01D4 (decimal 468)
   defining Unicode char U+01E2 (decimal 482)
   defining Unicode char U+01E3 (decimal 483)
   defining Unicode char U+01E6 (decimal 486)
   defining Unicode char U+01E7 (decimal 487)
   defining Unicode char U+01E8 (decimal 488)
   defining Unicode char U+01E9 (decimal 489)
   defining Unicode char U+01EA (decimal 490)
   defining Unicode char U+01EB (decimal 491)
   defining Unicode char U+01F0 (decimal 496)
   defining Unicode char U+01F4 (decimal 500)
   defining Unicode char U+01F5 (decimal 501)
   defining Unicode char U+0218 (decimal 536)
   defining Unicode char U+0219 (decimal 537)
   defining Unicode char U+021A (decimal 538)
   defining Unicode char U+021B (decimal 539)
   defining Unicode char U+0232 (decimal 562)
   defining Unicode char U+0233 (decimal 563)
   defining Unicode char U+0237 (decimal 567)
   defining Unicode char U+02D9 (decimal 729)
   defining Unicode char U+02DB (decimal 731)
   defining Unicode char U+1E02 (decimal 7682)
   defining Unicode char U+1E03 (decimal 7683)
   defining Unicode char U+1E9E (decimal 7838)
   defining Unicode char U+200C (decimal 8204)
   defining Unicode char U+2010 (decimal 8208)
   defining Unicode char U+2011 (decimal 8209)
   defining Unicode char U+2012 (decimal 8210)
   defining Unicode char U+2013 (decimal 8211)
   defining Unicode char U+2014 (decimal 8212)
   defining Unicode char U+2015 (decimal 8213)
   defining Unicode char U+2018 (decimal 8216)
   defining Unicode char U+2019 (decimal 8217)
   defining Unicode char U+201A (decimal 8218)
   defining Unicode char U+201C (decimal 8220)
   defining Unicode char U+201D (decimal 8221)
   defining Unicode char U+201E (decimal 8222)
   defining Unicode char U+2030 (decimal 8240)
   defining Unicode char U+2031 (decimal 8241)
   defining Unicode char U+2039 (decimal 8249)
   defining Unicode char U+203A (decimal 8250)
   defining Unicode char U+2423 (decimal 9251)
   defining Unicode char U+1E20 (decimal 7712)
   defining Unicode char U+1E21 (decimal 7713)
)
Now handling font encoding OT1 ...
... processing UTF-8 mapping file for font encoding OT1

("C:\Users\Christina\AppData\Local\Programs\MiKTeX 2.9\tex/latex/base\ot1enc.df
u"
File: ot1enc.dfu 2018/10/05 v1.2f UTF-8 support for inputenc
   defining Unicode char U+00A0 (decimal 160)
   defining Unicode char U+00A1 (decimal 161)
   defining Unicode char U+00A3 (decimal 163)
   defining Unicode char U+00AD (decimal 173)
   defining Unicode char U+00B8 (decimal 184)
   defining Unicode char U+00BF (decimal 191)
   defining Unicode char U+00C5 (decimal 197)
   defining Unicode char U+00C6 (decimal 198)
   defining Unicode char U+00D8 (decimal 216)
   defining Unicode char U+00DF (decimal 223)
   defining Unicode char U+00E6 (decimal 230)
   defining Unicode char U+00EC (decimal 236)
   defining Unicode char U+00ED (decimal 237)
   defining Unicode char U+00EE (decimal 238)
   defining Unicode char U+00EF (decimal 239)
   defining Unicode char U+00F8 (decimal 248)
   defining Unicode char U+0131 (decimal 305)
   defining Unicode char U+0141 (decimal 321)
   defining Unicode char U+0142 (decimal 322)
   defining Unicode char U+0152 (decimal 338)
   defining Unicode char U+0153 (decimal 339)
   defining Unicode char U+0174 (decimal 372)
   defining Unicode char U+0175 (decimal 373)
   defining Unicode char U+0176 (decimal 374)
   defining Unicode char U+0177 (decimal 375)
   defining Unicode char U+0218 (decimal 536)
   defining Unicode char U+0219 (decimal 537)
   defining Unicode char U+021A (decimal 538)
   defining Unicode char U+021B (decimal 539)
   defining Unicode char U+0237 (decimal 567)
   defining Unicode char U+2013 (decimal 8211)
   defining Unicode char U+2014 (decimal 8212)
   defining Unicode char U+2018 (decimal 8216)
   defining Unicode char U+2019 (decimal 8217)
   defining Unicode char U+201C (decimal 8220)
   defining Unicode char U+201D (decimal 8221)
)
Now handling font encoding OMS ...
... processing UTF-8 mapping file for font encoding OMS

("C:\Users\Christina\AppData\Local\Programs\MiKTeX 2.9\tex/latex/base\omsenc.df
u"
File: omsenc.dfu 2018/10/05 v1.2f UTF-8 support for inputenc
   defining Unicode char U+00A7 (decimal 167)
   defining Unicode char U+00B6 (decimal 182)
   defining Unicode char U+00B7 (decimal 183)
   defining Unicode char U+2020 (decimal 8224)
   defining Unicode char U+2021 (decimal 8225)
   defining Unicode char U+2022 (decimal 8226)
)
Now handling font encoding OMX ...
... no UTF-8 mapping file for font encoding OMX
Now handling font encoding U ...
... no UTF-8 mapping file for font encoding U
   defining Unicode char U+00A9 (decimal 169)
   defining Unicode char U+00AA (decimal 170)
   defining Unicode char U+00AE (decimal 174)
   defining Unicode char U+00BA (decimal 186)
   defining Unicode char U+02C6 (decimal 710)
   defining Unicode char U+02DC (decimal 732)
   defining Unicode char U+200C (decimal 8204)
   defining Unicode char U+2026 (decimal 8230)
   defining Unicode char U+2122 (decimal 8482)
   defining Unicode char U+2423 (decimal 9251)
   defining Unicode char U+FEFF (decimal 65279)
))
("C:\Users\Christina\AppData\Local\Programs\MiKTeX 2.9\tex/generic/babel\babel.
sty"
Package: babel 2018/11/13 3.27 The Babel package

("C:\Users\Christina\AppData\Local\Programs\MiKTeX 2.9\tex/generic/babel\switch
.def"
File: switch.def 2018/11/13 3.27 Babel switching mechanism
)
*************************************
* Local config file bblopts.cfg used
*

("C:\Users\Christina\AppData\Local\Programs\MiKTeX 2.9\tex/latex/arabi\bblopts.
cfg"
File: bblopts.cfg 2005/09/08 v0.1 add Arabic and Farsi to "declared" options of
 babel
)
("C:\Users\Christina\AppData\Local\Programs\MiKTeX 2.9\tex/latex/babel-german\n
german.ldf"
Language: ngerman 2018/12/08 v2.11 German support for babel (post-1996 orthogra
phy)

("C:\Users\Christina\AppData\Local\Programs\MiKTeX 2.9\tex/latex/babel-german\n
germanb.ldf"
Language: ngermanb 2018/12/08 v2.11 German support for babel (post-1996 orthogr
aphy)

("C:\Users\Christina\AppData\Local\Programs\MiKTeX 2.9\tex/generic/babel\babel.
def"
File: babel.def 2018/11/13 3.27 Babel common definitions
\babel@savecnt=\count92
\U@D=\dimen112

("C:\Users\Christina\AppData\Local\Programs\MiKTeX 2.9\tex/generic/babel\txtbab
el.def")
\bbl@dirlevel=\count93
)
Package babel Info: Making " an active character on input line 121.
)))
("C:\Users\Christina\AppData\Local\Programs\MiKTeX 2.9\tex/latex/tools\varioref
.sty"
Package: varioref 2016/02/16 v1.5c package for extended references (FMi)
\c@vrcnt=\count94
)
("C:\Users\Christina\AppData\Local\Programs\MiKTeX 2.9\tex/latex/amsfonts\amssy
mb.sty"
Package: amssymb 2013/01/14 v3.01 AMS font symbols

("C:\Users\Christina\AppData\Local\Programs\MiKTeX 2.9\tex/latex/amsfonts\amsfo
nts.sty"
Package: amsfonts 2013/01/14 v3.01 Basic AMSFonts support
\@emptytoks=\toks18
\symAMSa=\mathgroup4
\symAMSb=\mathgroup5
LaTeX Font Info:    Overwriting math alphabet `\mathfrak' in version `bold'
(Font)                  U/euf/m/n --> U/euf/b/n on input line 106.
))
("C:\Users\Christina\AppData\Local\Programs\MiKTeX 2.9\tex/latex/amsmath\amsmat
h.sty"
Package: amsmath 2018/12/01 v2.17b AMS math features
\@mathmargin=\skip57

For additional information on amsmath, use the `?' option.

("C:\Users\Christina\AppData\Local\Programs\MiKTeX 2.9\tex/latex/amsmath\amstex
t.sty"
Package: amstext 2000/06/29 v2.01 AMS text

("C:\Users\Christina\AppData\Local\Programs\MiKTeX 2.9\tex/latex/amsmath\amsgen
.sty"
File: amsgen.sty 1999/11/30 v2.0 generic functions
\@emptytoks=\toks19
\ex@=\dimen113
))
("C:\Users\Christina\AppData\Local\Programs\MiKTeX 2.9\tex/latex/amsmath\amsbsy
.sty"
Package: amsbsy 1999/11/29 v1.2d Bold Symbols
\pmbraise@=\dimen114
)
("C:\Users\Christina\AppData\Local\Programs\MiKTeX 2.9\tex/latex/amsmath\amsopn
.sty"
Package: amsopn 2016/03/08 v2.02 operator names
)
\inf@bad=\count95
LaTeX Info: Redefining \frac on input line 223.
\uproot@=\count96
\leftroot@=\count97
LaTeX Info: Redefining \overline on input line 385.
\classnum@=\count98
\DOTSCASE@=\count99
LaTeX Info: Redefining \ldots on input line 482.
LaTeX Info: Redefining \dots on input line 485.
LaTeX Info: Redefining \cdots on input line 606.
\Mathstrutbox@=\box29
\strutbox@=\box30
\big@size=\dimen115
LaTeX Font Info:    Redeclaring font encoding OML on input line 729.
LaTeX Font Info:    Redeclaring font encoding OMS on input line 730.
\macc@depth=\count100
\c@MaxMatrixCols=\count101
\dotsspace@=\muskip10
\c@parentequation=\count102
\dspbrk@lvl=\count103
\tag@help=\toks20
\row@=\count104
\column@=\count105
\maxfields@=\count106
\andhelp@=\toks21
\eqnshift@=\dimen116
\alignsep@=\dimen117
\tagshift@=\dimen118
\tagwidth@=\dimen119
\totwidth@=\dimen120
\lineht@=\dimen121
\@envbody=\toks22
\multlinegap=\skip58
\multlinetaggap=\skip59
\mathdisplay@stack=\toks23
LaTeX Info: Redefining \[ on input line 2844.
LaTeX Info: Redefining \] on input line 2845.
)
("C:\Users\Christina\AppData\Local\Programs\MiKTeX 2.9\tex/latex/graphics\graph
icx.sty"
Package: graphicx 2017/06/01 v1.1a Enhanced LaTeX Graphics (DPC,SPQR)

("C:\Users\Christina\AppData\Local\Programs\MiKTeX 2.9\tex/latex/graphics\graph
ics.sty"
Package: graphics 2017/06/25 v1.2c Standard LaTeX Graphics (DPC,SPQR)

("C:\Users\Christina\AppData\Local\Programs\MiKTeX 2.9\tex/latex/graphics\trig.
sty"
Package: trig 2016/01/03 v1.10 sin cos tan (DPC)
)
("C:\Users\Christina\AppData\Local\Programs\MiKTeX 2.9\tex/latex/graphics-cfg\g
raphics.cfg"
File: graphics.cfg 2016/06/04 v1.11 sample graphics configuration
)
Package graphics Info: Driver file: pdftex.def on input line 99.

("C:\Users\Christina\AppData\Local\Programs\MiKTeX 2.9\tex/latex/graphics-def\p
dftex.def"
File: pdftex.def 2018/01/08 v1.0l Graphics/color driver for pdftex
))
\Gin@req@height=\dimen122
\Gin@req@width=\dimen123
)
("C:\Users\Christina\AppData\Local\Programs\MiKTeX 2.9\tex/latex/xcolor\xcolor.
sty"
Package: xcolor 2016/05/11 v2.12 LaTeX color extensions (UK)

("C:\Users\Christina\AppData\Local\Programs\MiKTeX 2.9\tex/latex/graphics-cfg\c
olor.cfg"
File: color.cfg 2016/01/02 v1.6 sample color configuration
)
Package xcolor Info: Driver file: pdftex.def on input line 225.
Package xcolor Info: Model `cmy' substituted by `cmy0' on input line 1348.
Package xcolor Info: Model `hsb' substituted by `rgb' on input line 1352.
Package xcolor Info: Model `RGB' extended on input line 1364.
Package xcolor Info: Model `HTML' substituted by `rgb' on input line 1366.
Package xcolor Info: Model `Hsb' substituted by `hsb' on input line 1367.
Package xcolor Info: Model `tHsb' substituted by `hsb' on input line 1368.
Package xcolor Info: Model `HSB' substituted by `hsb' on input line 1369.
Package xcolor Info: Model `Gray' substituted by `gray' on input line 1370.
Package xcolor Info: Model `wave' substituted by `hsb' on input line 1371.
)
("C:\Users\Christina\AppData\Local\Programs\MiKTeX 2.9\tex/latex/lastpage\lastp
age.sty"
Package: lastpage 2015/03/29 v1.2m Refers to last page's name (HMM; JPG)
)
("C:\Users\Christina\AppData\Local\Programs\MiKTeX 2.9\tex/latex/wrapfig\wrapfi
g.sty"
\wrapoverhang=\dimen124
\WF@size=\dimen125
\c@WF@wrappedlines=\count107
\WF@box=\box31
\WF@everypar=\toks24
Package: wrapfig 2003/01/31  v 3.6
)
("C:\Users\Christina\AppData\Local\Programs\MiKTeX 2.9\tex/latex/tools\verbatim
.sty"
Package: verbatim 2014/10/28 v1.5q LaTeX2e package for verbatim enhancements
\every@verbatim=\toks25
\verbatim@line=\toks26
\verbatim@in@stream=\read1
)
("C:\Users\Christina\AppData\Local\Programs\MiKTeX 2.9\tex/latex/paralist\paral
ist.sty"
Package: paralist 2017/01/22 v2.7 Extended list environments
\pltopsep=\skip60
\plpartopsep=\skip61
\plitemsep=\skip62
\plparsep=\skip63
\pl@lab=\toks27
)
("C:\Users\Christina\AppData\Local\Programs\MiKTeX 2.9\tex/latex/koma-script\sc
rlayer-scrpage.sty"
Package: scrlayer-scrpage 2019/02/01 v3.26b KOMA-Script package (end user inter
face for scrlayer)

("C:\Users\Christina\AppData\Local\Programs\MiKTeX 2.9\tex/latex/koma-script\sc
rlayer.sty"
Package: scrlayer 2019/02/01 v3.26b KOMA-Script package (defining layers and pa
ge styles)
Package scrlayer Info: Using already defined \footheight
(scrlayer)             hoping, that this is a length and
(scrlayer)             not only a macro on input line 109.
Package scrlayer Info: patching LaTeX kernel macro \pagestyle on input line 208
3.
)
Package scrlayer-scrpage Info: Makeing stand-alone element `pagehead' from
(scrlayer-scrpage)             alias to `pageheadfoot' on input line 1241.
Package scrlayer-scrpage Info: deactivating warning for font element
(scrlayer-scrpage)             `pagefoot' on input line 1268.
)
Package scrlayer-scrpage Info: auto-selection of `pagestyleset=KOMA-Script'.

("C:\Users\Christina\AppData\Local\Programs\MiKTeX 2.9\tex/latex/tools\tabularx
.sty"
Package: tabularx 2016/02/03 v2.11b `tabularx' package (DPC)

("C:\Users\Christina\AppData\Local\Programs\MiKTeX 2.9\tex/latex/tools\array.st
y"
Package: array 2018/12/30 v2.4k Tabular extension package (FMi)
\col@sep=\dimen126
\ar@mcellbox=\box32
\extrarowheight=\dimen127
\NC@list=\toks28
\extratabsurround=\skip64
\backup@length=\skip65
\ar@cellbox=\box33
)
\TX@col@width=\dimen128
\TX@old@table=\dimen129
\TX@old@col=\dimen130
\TX@target=\dimen131
\TX@delta=\dimen132
\TX@cols=\count108
\TX@ftn=\toks29
)
("C:\Users\Christina\AppData\Local\Programs\MiKTeX 2.9\tex/latex/framed\framed.
sty"
Package: framed 2011/10/22 v 0.96: framed or shaded text with page breaks
\OuterFrameSep=\skip66
\fb@frw=\dimen133
\fb@frh=\dimen134
\FrameRule=\dimen135
\FrameSep=\dimen136
)
("C:\Users\Christina\AppData\Local\Programs\MiKTeX 2.9\tex/latex/koma-script\sc
rtime.sty"
Package: scrtime 2019/02/01 v3.26b KOMA-Script package (time of LaTeX run)
)
("C:\Users\Christina\AppData\Local\Programs\MiKTeX 2.9\tex/latex/tools\multicol
.sty"
Package: multicol 2018/12/27 v1.8v multicolumn formatting (FMi)
\c@tracingmulticols=\count109
\mult@box=\box34
\multicol@leftmargin=\dimen137
\c@unbalance=\count110
\c@collectmore=\count111
\doublecol@number=\count112
\multicoltolerance=\count113
\multicolpretolerance=\count114
\full@width=\dimen138
\page@free=\dimen139
\premulticols=\dimen140
\postmulticols=\dimen141
\multicolsep=\skip67
\multicolbaselineskip=\skip68
\partial@page=\box35
\last@line=\box36
\maxbalancingoverflow=\dimen142
\mult@rightbox=\box37
\mult@grightbox=\box38
\mult@gfirstbox=\box39
\mult@firstbox=\box40
\@tempa=\box41
\@tempa=\box42
\@tempa=\box43
\@tempa=\box44
\@tempa=\box45
\@tempa=\box46
\@tempa=\box47
\@tempa=\box48
\@tempa=\box49
\@tempa=\box50
\@tempa=\box51
\@tempa=\box52
\@tempa=\box53
\@tempa=\box54
\@tempa=\box55
\@tempa=\box56
\@tempa=\box57
\c@columnbadness=\count115
\c@finalcolumnbadness=\count116
\last@try=\dimen143
\multicolovershoot=\dimen144
\multicolundershoot=\dimen145
\mult@nat@firstbox=\box58
\colbreak@box=\box59
\mc@col@check@num=\count117
)
("C:\Users\Christina\AppData\Local\Programs\MiKTeX 2.9\tex/latex/listings\listi
ngs.sty"
\lst@mode=\count118
\lst@gtempboxa=\box60
\lst@token=\toks30
\lst@length=\count119
\lst@currlwidth=\dimen146
\lst@column=\count120
\lst@pos=\count121
\lst@lostspace=\dimen147
\lst@width=\dimen148
\lst@newlines=\count122
\lst@lineno=\count123
\lst@maxwidth=\dimen149

("C:\Users\Christina\AppData\Local\Programs\MiKTeX 2.9\tex/latex/listings\lstmi
sc.sty"
File: lstmisc.sty 2018/09/02 1.7 (Carsten Heinz)
\c@lstnumber=\count124
\lst@skipnumbers=\count125
\lst@framebox=\box61
)
("C:\Users\Christina\AppData\Local\Programs\MiKTeX 2.9\tex/latex/listings\listi
ngs.cfg"
File: listings.cfg 2018/09/02 1.7 listings configuration
))
Package: listings 2018/09/02 1.7 (Carsten Heinz)

("C:\Users\Christina\AppData\Local\Programs\MiKTeX 2.9\tex/latex/listings\lstla
ng1.sty"
File: lstlang1.sty 2018/09/02 1.7 listings language file
))
("C:\Users\Christina\AppData\Local\Programs\MiKTeX 2.9\tex/latex/pdfpages\pdfpa
ges.sty"
Package: pdfpages 2017/10/31 v0.5l Insert pages of external PDF documents (AM)

("C:\Users\Christina\AppData\Local\Programs\MiKTeX 2.9\tex/latex/base\ifthen.st
y"
Package: ifthen 2014/09/29 v1.1c Standard LaTeX ifthen package (DPC)
)
("C:\Users\Christina\AppData\Local\Programs\MiKTeX 2.9\tex/latex/tools\calc.sty
"
Package: calc 2017/05/25 v4.3 Infix arithmetic (KKT,FJ)
\calc@Acount=\count126
\calc@Bcount=\count127
\calc@Adimen=\dimen150
\calc@Bdimen=\dimen151
\calc@Askip=\skip69
\calc@Bskip=\skip70
LaTeX Info: Redefining \setlength on input line 80.
LaTeX Info: Redefining \addtolength on input line 81.
\calc@Ccount=\count128
\calc@Cskip=\skip71
)
("C:\Users\Christina\AppData\Local\Programs\MiKTeX 2.9\tex/latex/eso-pic\eso-pi
c.sty"
Package: eso-pic 2018/04/12 v2.0h eso-pic (RN)

("C:\Users\Christina\AppData\Local\Programs\MiKTeX 2.9\tex/generic/oberdiek\atb
egshi.sty"
Package: atbegshi 2016/06/09 v1.18 At begin shipout hook (HO)

("C:\Users\Christina\AppData\Local\Programs\MiKTeX 2.9\tex/generic/oberdiek\inf
warerr.sty"
Package: infwarerr 2016/05/16 v1.4 Providing info/warning/error messages (HO)
)
("C:\Users\Christina\AppData\Local\Programs\MiKTeX 2.9\tex/generic/oberdiek\ltx
cmds.sty"
Package: ltxcmds 2016/05/16 v1.23 LaTeX kernel commands for general use (HO)
)))
\AM@pagewidth=\dimen152
\AM@pageheight=\dimen153

("C:\Users\Christina\AppData\Local\Programs\MiKTeX 2.9\tex/latex/pdfpages\pppdf
tex.def"
File: pppdftex.def 2017/10/31 v0.5l Pdfpages driver for pdfTeX (AM)
)
\AM@pagebox=\box62
\AM@global@opts=\toks31
\AM@toc@title=\toks32
\c@AM@survey=\count129
\AM@templatesizebox=\box63
) (Java.aux)
\openout1 = `Java.aux'.

LaTeX Font Info:    Checking defaults for OML/cmm/m/it on input line 9.
LaTeX Font Info:    ... okay on input line 9.
LaTeX Font Info:    Checking defaults for T1/cmr/m/n on input line 9.
LaTeX Font Info:    ... okay on input line 9.
LaTeX Font Info:    Checking defaults for OT1/cmr/m/n on input line 9.
LaTeX Font Info:    ... okay on input line 9.
LaTeX Font Info:    Checking defaults for OMS/cmsy/m/n on input line 9.
LaTeX Font Info:    ... okay on input line 9.
LaTeX Font Info:    Checking defaults for OMX/cmex/m/n on input line 9.
LaTeX Font Info:    ... okay on input line 9.
LaTeX Font Info:    Checking defaults for U/cmr/m/n on input line 9.
LaTeX Font Info:    ... okay on input line 9.

*geometry* driver: auto-detecting
*geometry* detected driver: pdftex
*geometry* verbose mode - [ preamble ] result:
* driver: pdftex
* paper: a4paper
* layout: <same size as paper>
* layoutoffset:(h,v)=(0.0pt,0.0pt)
* modes: includehead includefoot twoside 
* h-part:(L,W,R)=(28.45274pt, 540.60239pt, 28.45274pt)
* v-part:(T,H,B)=(28.45274pt, 788.14136pt, 28.45274pt)
* \paperwidth=597.50787pt
* \paperheight=845.04684pt
* \textwidth=540.60239pt
* \textheight=713.14136pt
* \oddsidemargin=-43.81725pt
* \evensidemargin=-43.81725pt
* \topmargin=-43.81725pt
* \headheight=15.0pt
* \headsep=18.0pt
* \topskip=10.0pt
* \footskip=42.0pt
* \marginparwidth=112.03273pt
* \marginparsep=12.8401pt
* \columnsep=10.0pt
* \skip\footins=9.0pt plus 4.0pt minus 2.0pt
* \hoffset=0.0pt
* \voffset=0.0pt
* \mag=1000
* \@twocolumnfalse
* \@twosidetrue
* \@mparswitchtrue
* \@reversemarginfalse
* (1in=72.27pt=25.4mm, 1cm=28.453pt)


("C:\Users\Christina\AppData\Local\Programs\MiKTeX 2.9\tex/context/base\supp-pd
f.mkii"
[Loading MPS to PDF converter (version 2006.09.02).]
\scratchcounter=\count130
\scratchdimen=\dimen154
\scratchbox=\box64
\nofMPsegments=\count131
\nofMParguments=\count132
\everyMPshowfont=\toks33
\MPscratchCnt=\count133
\MPscratchDim=\dimen155
\MPnumerator=\count134
\makeMPintoPDFobject=\count135
\everyMPtoPDFconversion=\toks34
)
("C:\Users\Christina\AppData\Local\Programs\MiKTeX 2.9\tex/latex/oberdiek\epsto
pdf-base.sty"
Package: epstopdf-base 2016/05/15 v2.6 Base part for package epstopdf

("C:\Users\Christina\AppData\Local\Programs\MiKTeX 2.9\tex/latex/oberdiek\grfex
t.sty"
Package: grfext 2016/05/16 v1.2 Manage graphics extensions (HO)

("C:\Users\Christina\AppData\Local\Programs\MiKTeX 2.9\tex/generic/oberdiek\kvd
efinekeys.sty"
Package: kvdefinekeys 2016/05/16 v1.4 Define keys (HO)
))
("C:\Users\Christina\AppData\Local\Programs\MiKTeX 2.9\tex/latex/oberdiek\kvopt
ions.sty"
Package: kvoptions 2016/05/16 v3.12 Key value format for package options (HO)

("C:\Users\Christina\AppData\Local\Programs\MiKTeX 2.9\tex/generic/oberdiek\kvs
etkeys.sty"
Package: kvsetkeys 2016/05/16 v1.17 Key value parser (HO)

("C:\Users\Christina\AppData\Local\Programs\MiKTeX 2.9\tex/generic/oberdiek\ete
xcmds.sty"
Package: etexcmds 2016/05/16 v1.6 Avoid name clashes with e-TeX commands (HO)

("C:\Users\Christina\AppData\Local\Programs\MiKTeX 2.9\tex/generic/oberdiek\ifl
uatex.sty"
Package: ifluatex 2016/05/16 v1.4 Provides the ifluatex switch (HO)
Package ifluatex Info: LuaTeX not detected.
))))
("C:\Users\Christina\AppData\Local\Programs\MiKTeX 2.9\tex/generic/oberdiek\pdf
texcmds.sty"
Package: pdftexcmds 2018/09/10 v0.29 Utility functions of pdfTeX for LuaTeX (HO
)
Package pdftexcmds Info: LuaTeX not detected.
Package pdftexcmds Info: \pdf@primitive is available.
Package pdftexcmds Info: \pdf@ifprimitive is available.
Package pdftexcmds Info: \pdfdraftmode found.
)
Package epstopdf-base Info: Redefining graphics rule for `.eps' on input line 4
38.
Package grfext Info: Graphics extension search list:
(grfext)             [.pdf,.png,.jpg,.mps,.jpeg,.jbig2,.jb2,.PDF,.PNG,.JPG,.JPE
G,.JBIG2,.JB2,.eps]
(grfext)             \AppendGraphicsExtensions on input line 456.
)
Package lastpage Info: Please have a look at the pageslts package at
(lastpage)             https://www.ctan.org/pkg/pageslts
(lastpage)             ! on input line 9.
\c@lstlisting=\count136
\AtBeginShipoutBox=\box65

("C:\Users\Christina\AppData\Local\Programs\MiKTeX 2.9\tex/latex/oberdiek\pdfls
cape.sty"
Package: pdflscape 2016/05/14 v0.11 Display of landscape pages in PDF (HO)

("C:\Users\Christina\AppData\Local\Programs\MiKTeX 2.9\tex/latex/graphics\lscap
e.sty"
Package: lscape 2000/10/22 v3.01 Landscape Pages (DPC)
)
Package pdflscape Info: Auto-detected driver: pdftex on input line 81.
)
LaTeX Font Info:    Try loading font information for U+msa on input line 13.

("C:\Users\Christina\AppData\Local\Programs\MiKTeX 2.9\tex/latex/amsfonts\umsa.
fd"
File: umsa.fd 2013/01/14 v3.01 AMS symbols A
)
LaTeX Font Info:    Try loading font information for U+msb on input line 13.

("C:\Users\Christina\AppData\Local\Programs\MiKTeX 2.9\tex/latex/amsfonts\umsb.
fd"
File: umsb.fd 2013/01/14 v3.01 AMS symbols B
) (Java.toc)
\tf@toc=\write3
\openout3 = `Java.toc'.

 (sections/AWTWindow.tex [1{C:/Users/Christina/AppData/Local/MiKTeX/2.9/pdftex/
config/pdftex.map}




] (Loes/MyAwtWindow.java
LaTeX Font Info:    Try loading font information for OMS+cmr on input line 1.

("C:\Users\Christina\AppData\Local\Programs\MiKTeX 2.9\tex/latex/base\omscmr.fd
"
File: omscmr.fd 2014/09/29 v2.5h Standard LaTeX font definitions
)
LaTeX Font Info:    Font shape `OMS/cmr/m/n' in size <7> not available
(Font)              Font shape `OMS/cmsy/m/n' tried instead on input line 1.
LaTeX Font Info:    Try loading font information for OML+cmr on input line 46.

("C:\Users\Christina\AppData\Local\Programs\MiKTeX 2.9\tex/latex/base\omlcmr.fd
"
File: omlcmr.fd 2014/09/29 v2.5h Standard LaTeX font definitions
)
LaTeX Font Info:    Font shape `OML/cmr/m/n' in size <7> not available
(Font)              Font shape `OML/cmm/m/it' tried instead on input line 46.
)
<header/lizenz/small.png, id=9, 64.3203pt x 12.045pt>
File: header/lizenz/small.png Graphic file (type png)
<use header/lizenz/small.png>
Package pdftex.def Info: header/lizenz/small.png  used on input line 4.
(pdftex.def)             Requested size: 45.52458pt x 8.52553pt.
 [2 <./header/lizenz/small.png>] (Loes/MyAwtWindow.java)
File: header/lizenz/small.png Graphic file (type png)
<use header/lizenz/small.png>
Package pdftex.def Info: header/lizenz/small.png  used on input line 8.
(pdftex.def)             Requested size: 45.52458pt x 8.52553pt.
 [3]
(Loes/DecButtonListener.java) (Loes/IncButtonListener.java)
(Loes/MyWindowListener.java))
File: header/lizenz/small.png Graphic file (type png)
<use header/lizenz/small.png>
Package pdftex.def Info: header/lizenz/small.png  used on input line 17.
(pdftex.def)             Requested size: 45.52458pt x 8.52553pt.
 [4] (sections/Swing.tex (Loes/GuiDemoWindow.java)
File: header/lizenz/small.png Graphic file (type png)
<use header/lizenz/small.png>
Package pdftex.def Info: header/lizenz/small.png  used on input line 4.
(pdftex.def)             Requested size: 45.52458pt x 8.52553pt.
[5] (Loes/UmrechnungWindow.java)
File: header/lizenz/small.png Graphic file (type png)
<use header/lizenz/small.png>
Package pdftex.def Info: header/lizenz/small.png  used on input line 7.
(pdftex.def)             Requested size: 45.52458pt x 8.52553pt.
 [6] (Loes/Taschenrechner.java
File: header/lizenz/small.png Graphic file (type png)
<use header/lizenz/small.png>
Package pdftex.def Info: header/lizenz/small.png  used on input line 88.
(pdftex.def)             Requested size: 45.52458pt x 8.52553pt.
 [7]
File: header/lizenz/small.png Graphic file (type png)
<use header/lizenz/small.png>
Package pdftex.def Info: header/lizenz/small.png  used on input line 176.
(pdftex.def)             Requested size: 45.52458pt x 8.52553pt.
 [8])
File: header/lizenz/small.png Graphic file (type png)
<use header/lizenz/small.png>
Package pdftex.def Info: header/lizenz/small.png  used on input line 11.
(pdftex.def)             Requested size: 45.52458pt x 8.52553pt.

[9] (Loes/TaschenrechnerLambda.java
File: header/lizenz/small.png Graphic file (type png)
<use header/lizenz/small.png>
Package pdftex.def Info: header/lizenz/small.png  used on input line 88.
(pdftex.def)             Requested size: 45.52458pt x 8.52553pt.
 [10])
File: header/lizenz/small.png Graphic file (type png)
<use header/lizenz/small.png>
Package pdftex.def Info: header/lizenz/small.png  used on input line 14.
(pdftex.def)             Requested size: 45.52458pt x 8.52553pt.
 [11] (Loes/IncDecWindow.java)
File: header/lizenz/small.png Graphic file (type png)
<use header/lizenz/small.png>
Package pdftex.def Info: header/lizenz/small.png  used on input line 17.
(pdftex.def)             Requested size: 45.52458pt x 8.52553pt.

[12] (Loes/GrafikButton.java)) (sections/Theorie.tex
File: header/lizenz/small.png Graphic file (type png)
<use header/lizenz/small.png>
Package pdftex.def Info: header/lizenz/small.png  used on input line 1.
(pdftex.def)             Requested size: 45.52458pt x 8.52553pt.
 [13]
Underfull \hbox (badness 10000) in paragraph at lines 5--9

 []

(Loes/StringExample.java) (Loes/StringPerformance.java)
File: header/lizenz/small.png Graphic file (type png)
<use header/lizenz/small.png>
Package pdftex.def Info: header/lizenz/small.png  used on input line 12.
(pdftex.def)             Requested size: 45.52458pt x 8.52553pt.
 [14]
LaTeX Font Info:    Font shape `OMS/cmr/m/n' in size <10> not available
(Font)              Font shape `OMS/cmsy/m/n' tried instead on input line 20.

(Loes/EinlesenmitBufferRead.java) (Loes/TextEinAusgabe.java)
(Loes/EinlesenmitScanner.java) (Loes/DemoScanner.java
File: header/lizenz/small.png Graphic file (type png)
<use header/lizenz/small.png>
Package pdftex.def Info: header/lizenz/small.png  used on input line 4.
(pdftex.def)             Requested size: 45.52458pt x 8.52553pt.
 [15])
Underfull \hbox (badness 10000) in paragraph at lines 41--54

 []


Underfull \hbox (badness 10000) in paragraph at lines 59--60

 []

(Loes/import.java)
File: header/lizenz/small.png Graphic file (type png)
<use header/lizenz/small.png>
Package pdftex.def Info: header/lizenz/small.png  used on input line 73.
(pdftex.def)             Requested size: 45.52458pt x 8.52553pt.
 [16]
Underfull \hbox (badness 10000) in paragraph at lines 89--98

 []


Underfull \hbox (badness 10000) in paragraph at lines 109--115

 []

(Loes/Downcasting.java
File: header/lizenz/small.png Graphic file (type png)
<use header/lizenz/small.png>
Package pdftex.def Info: header/lizenz/small.png  used on input line 2.
(pdftex.def)             Requested size: 45.52458pt x 8.52553pt.
 [17]) (Loes/Initializer.java)
<Loes/NestedClass.jpg, id=68, 629.35126pt x 386.94562pt>
File: Loes/NestedClass.jpg Graphic file (type jpg)
<use Loes/NestedClass.jpg>
Package pdftex.def Info: Loes/NestedClass.jpg  used on input line 121.
(pdftex.def)             Requested size: 270.3012pt x 166.18852pt.

Underfull \hbox (badness 10000) in paragraph at lines 123--126

 []

(Loes/Interface.java)
Underfull \hbox (badness 10000) in paragraph at lines 130--132

 []

(Loes/Interface2.java)
File: header/lizenz/small.png Graphic file (type png)
<use header/lizenz/small.png>
Package pdftex.def Info: header/lizenz/small.png  used on input line 141.
(pdftex.def)             Requested size: 45.52458pt x 8.52553pt.
 [18 <./Loes/NestedClass.jpg>] (Loes/Lambda.java)
Underfull \hbox (badness 10000) in paragraph at lines 144--155

 []


Underfull \hbox (badness 10000) in paragraph at lines 157--158

 []

(Loes/Exceptions.java)
<Loes/Exceptions.png, id=72, 225.0225pt x 160.6365pt>
File: Loes/Exceptions.png Graphic file (type png)
<use Loes/Exceptions.png>
Package pdftex.def Info: Loes/Exceptions.png  used on input line 161.
(pdftex.def)             Requested size: 216.23764pt x 154.3686pt.
<Loes/Exceptions3.png, id=73, 644.10637pt x 366.77025pt>
File: Loes/Exceptions3.png Graphic file (type png)
<use Loes/Exceptions3.png>
Package pdftex.def Info: Loes/Exceptions3.png  used on input line 162.
(pdftex.def)             Requested size: 270.3012pt x 153.91373pt.
File: header/lizenz/small.png Graphic file (type png)
<use header/lizenz/small.png>
Package pdftex.def Info: header/lizenz/small.png  used on input line 171.
(pdftex.def)             Requested size: 45.52458pt x 8.52553pt.
 [19 <./Loes/Exceptions.png> <./Loes/Exceptions3.png>]
Underfull \hbox (badness 10000) in paragraph at lines 176--200

 []


Overfull \hbox (28.87761pt too wide) in paragraph at lines 176--200
\OT1/cmr/m/n/10 F[]ur je-den ben[]otigten Lis-te-ner wird ein Lamda-Ausdruck er
-stellt. Da-bei kann der Funk-ti-ons-kopf ("vo-id ac-tion-Per-for-med(ActionEve
nt
 []


Underfull \hbox (badness 10000) in paragraph at lines 176--200

 []


Underfull \hbox (badness 10000) in paragraph at lines 202--206

 []

<Loes/Komponenten.JPG, id=78, 1090.0725pt x 623.32875pt>
File: Loes/Komponenten.JPG Graphic file (type jpg)
<use Loes/Komponenten.JPG>
Package pdftex.def Info: Loes/Komponenten.JPG  used on input line 208.
(pdftex.def)             Requested size: 270.3012pt x 154.5573pt.

Underfull \hbox (badness 10000) in paragraph at lines 211--215

 []

File: header/lizenz/small.png Graphic file (type png)
<use header/lizenz/small.png>
Package pdftex.def Info: header/lizenz/small.png  used on input line 215.
(pdftex.def)             Requested size: 45.52458pt x 8.52553pt.
[20 <./Loes/Komponenten.JPG>]
<Loes/Papieruebung.JPG, id=82, 706.13812pt x 313.17pt>
File: Loes/Papieruebung.JPG Graphic file (type jpg)
<use Loes/Papieruebung.JPG>
Package pdftex.def Info: Loes/Papieruebung.JPG  used on input line 225.
(pdftex.def)             Requested size: 535.19933pt x 237.36177pt.
<Loes/lueb03A1.pdf, id=83, 597.55246pt x 845.07718pt>
File: Loes/lueb03A1.pdf Graphic file (type pdf)
<use Loes/lueb03A1.pdf>
Package pdftex.def Info: Loes/lueb03A1.pdf  used on input line 226.
(pdftex.def)             Requested size: 597.551pt x 845.07512pt.
File: Loes/lueb03A1.pdf Graphic file (type pdf)
<use Loes/lueb03A1.pdf>
Package pdftex.def Info: Loes/lueb03A1.pdf  used on input line 226.
(pdftex.def)             Requested size: 597.551pt x 845.07512pt.
<Loes/lueb03A1.pdf, id=86, page=1, 597.55246pt x 845.07718pt>
File: Loes/lueb03A1.pdf Graphic file (type pdf)
<use Loes/lueb03A1.pdf, page 1>
Package pdftex.def Info: Loes/lueb03A1.pdf , page1 used on input line 226.
(pdftex.def)             Requested size: 597.551pt x 845.07512pt.
File: Loes/lueb03A1.pdf Graphic file (type pdf)
<use Loes/lueb03A1.pdf, page 1>
Package pdftex.def Info: Loes/lueb03A1.pdf , page1 used on input line 226.
(pdftex.def)             Requested size: 537.79224pt x 760.56244pt.

Overfull \hbox (21.2635pt too wide) in paragraph at lines 225--226
[]             
 []

File: header/lizenz/small.png Graphic file (type png)
<use header/lizenz/small.png>
Package pdftex.def Info: header/lizenz/small.png  used on input line 226.
(pdftex.def)             Requested size: 45.52458pt x 8.52553pt.
[21 <./Loes/Papieruebung.JPG>]
File: Loes/lueb03A1.pdf Graphic file (type pdf)
<use Loes/lueb03A1.pdf, page 1>
Package pdftex.def Info: Loes/lueb03A1.pdf , page1 used on input line 226.
(pdftex.def)             Requested size: 537.79224pt x 760.56244pt.
File: Loes/lueb03A1.pdf Graphic file (type pdf)
<use Loes/lueb03A1.pdf, page 1>
Package pdftex.def Info: Loes/lueb03A1.pdf , page1 used on input line 226.
(pdftex.def)             Requested size: 537.79224pt x 760.56244pt.
File: Loes/lueb03A1.pdf Graphic file (type pdf)
<use Loes/lueb03A1.pdf, page 1>
Package pdftex.def Info: Loes/lueb03A1.pdf , page1 used on input line 226.
(pdftex.def)             Requested size: 537.79224pt x 760.56244pt.
 [22 <./Loes/lueb03A1.pdf>]
<Loes/lueb04A5A7.pdf, id=115, 597.55246pt x 845.07718pt>
File: Loes/lueb04A5A7.pdf Graphic file (type pdf)
<use Loes/lueb04A5A7.pdf>
Package pdftex.def Info: Loes/lueb04A5A7.pdf  used on input line 227.
(pdftex.def)             Requested size: 597.551pt x 845.07512pt.
File: Loes/lueb04A5A7.pdf Graphic file (type pdf)
<use Loes/lueb04A5A7.pdf>
Package pdftex.def Info: Loes/lueb04A5A7.pdf  used on input line 227.
(pdftex.def)             Requested size: 597.551pt x 845.07512pt.
<Loes/lueb04A5A7.pdf, id=118, page=1, 597.55246pt x 845.07718pt>
File: Loes/lueb04A5A7.pdf Graphic file (type pdf)
<use Loes/lueb04A5A7.pdf, page 1>
Package pdftex.def Info: Loes/lueb04A5A7.pdf , page1 used on input line 227.
(pdftex.def)             Requested size: 597.551pt x 845.07512pt.
File: Loes/lueb04A5A7.pdf Graphic file (type pdf)
<use Loes/lueb04A5A7.pdf, page 1>
Package pdftex.def Info: Loes/lueb04A5A7.pdf , page1 used on input line 227.
(pdftex.def)             Requested size: 537.79224pt x 760.56244pt.
File: Loes/lueb04A5A7.pdf Graphic file (type pdf)
<use Loes/lueb04A5A7.pdf, page 1>
Package pdftex.def Info: Loes/lueb04A5A7.pdf , page1 used on input line 227.
(pdftex.def)             Requested size: 537.79224pt x 760.56244pt.
File: Loes/lueb04A5A7.pdf Graphic file (type pdf)
<use Loes/lueb04A5A7.pdf, page 1>
Package pdftex.def Info: Loes/lueb04A5A7.pdf , page1 used on input line 227.
(pdftex.def)             Requested size: 537.79224pt x 760.56244pt.
File: Loes/lueb04A5A7.pdf Graphic file (type pdf)
<use Loes/lueb04A5A7.pdf, page 1>
Package pdftex.def Info: Loes/lueb04A5A7.pdf , page1 used on input line 227.
(pdftex.def)             Requested size: 537.79224pt x 760.56244pt.
 [23 <./Loes/lueb04A5A7.pdf>]
<Loes/lueb08A1.pdf, id=159, 597.55246pt x 845.07718pt>
File: Loes/lueb08A1.pdf Graphic file (type pdf)
<use Loes/lueb08A1.pdf>
Package pdftex.def Info: Loes/lueb08A1.pdf  used on input line 228.
(pdftex.def)             Requested size: 597.551pt x 845.07512pt.
File: Loes/lueb08A1.pdf Graphic file (type pdf)
<use Loes/lueb08A1.pdf>
Package pdftex.def Info: Loes/lueb08A1.pdf  used on input line 228.
(pdftex.def)             Requested size: 597.551pt x 845.07512pt.
<Loes/lueb08A1.pdf, id=162, page=1, 597.55246pt x 845.07718pt>
File: Loes/lueb08A1.pdf Graphic file (type pdf)
<use Loes/lueb08A1.pdf, page 1>
Package pdftex.def Info: Loes/lueb08A1.pdf , page1 used on input line 228.
(pdftex.def)             Requested size: 597.551pt x 845.07512pt.
File: Loes/lueb08A1.pdf Graphic file (type pdf)
<use Loes/lueb08A1.pdf, page 1>
Package pdftex.def Info: Loes/lueb08A1.pdf , page1 used on input line 228.
(pdftex.def)             Requested size: 537.79224pt x 760.56244pt.
File: Loes/lueb08A1.pdf Graphic file (type pdf)
<use Loes/lueb08A1.pdf, page 1>
Package pdftex.def Info: Loes/lueb08A1.pdf , page1 used on input line 228.
(pdftex.def)             Requested size: 537.79224pt x 760.56244pt.
File: Loes/lueb08A1.pdf Graphic file (type pdf)
<use Loes/lueb08A1.pdf, page 1>
Package pdftex.def Info: Loes/lueb08A1.pdf , page1 used on input line 228.
(pdftex.def)             Requested size: 537.79224pt x 760.56244pt.
File: Loes/lueb08A1.pdf Graphic file (type pdf)
<use Loes/lueb08A1.pdf, page 1>
Package pdftex.def Info: Loes/lueb08A1.pdf , page1 used on input line 228.
(pdftex.def)             Requested size: 537.79224pt x 760.56244pt.
 [24 <./Loes/lueb08A1.pdf>]
<Loes/lueb09A0A3.pdf, id=191, 597.55246pt x 845.07718pt>
File: Loes/lueb09A0A3.pdf Graphic file (type pdf)
<use Loes/lueb09A0A3.pdf>
Package pdftex.def Info: Loes/lueb09A0A3.pdf  used on input line 229.
(pdftex.def)             Requested size: 597.551pt x 845.07512pt.
File: Loes/lueb09A0A3.pdf Graphic file (type pdf)
<use Loes/lueb09A0A3.pdf>
Package pdftex.def Info: Loes/lueb09A0A3.pdf  used on input line 229.
(pdftex.def)             Requested size: 597.551pt x 845.07512pt.
<Loes/lueb09A0A3.pdf, id=194, page=1, 597.55246pt x 845.07718pt>
File: Loes/lueb09A0A3.pdf Graphic file (type pdf)
<use Loes/lueb09A0A3.pdf, page 1>
Package pdftex.def Info: Loes/lueb09A0A3.pdf , page1 used on input line 229.
(pdftex.def)             Requested size: 597.551pt x 845.07512pt.
File: Loes/lueb09A0A3.pdf Graphic file (type pdf)
<use Loes/lueb09A0A3.pdf, page 1>
Package pdftex.def Info: Loes/lueb09A0A3.pdf , page1 used on input line 229.
(pdftex.def)             Requested size: 537.79224pt x 760.56244pt.
File: Loes/lueb09A0A3.pdf Graphic file (type pdf)
<use Loes/lueb09A0A3.pdf, page 1>
Package pdftex.def Info: Loes/lueb09A0A3.pdf , page1 used on input line 229.
(pdftex.def)             Requested size: 537.79224pt x 760.56244pt.
File: Loes/lueb09A0A3.pdf Graphic file (type pdf)
<use Loes/lueb09A0A3.pdf, page 1>
Package pdftex.def Info: Loes/lueb09A0A3.pdf , page1 used on input line 229.
(pdftex.def)             Requested size: 537.79224pt x 760.56244pt.
File: Loes/lueb09A0A3.pdf Graphic file (type pdf)
<use Loes/lueb09A0A3.pdf, page 1>
Package pdftex.def Info: Loes/lueb09A0A3.pdf , page1 used on input line 229.
(pdftex.def)             Requested size: 537.79224pt x 760.56244pt.
 [25 <./Loes/lueb09A0A3.pdf>])

AED: lastpage setting LastPage
(Java.aux) ) 
Here is how much of TeX's memory you used:
 11274 strings out of 492946
 209696 string characters out of 3124490
 980755 words of memory out of 3000000
 14873 multiletter control sequences out of 15000+200000
 12237 words of font info for 48 fonts, out of 3000000 for 9000
 1141 hyphenation exceptions out of 8191
 61i,22n,82p,9160b,2010s stack positions out of 5000i,500n,10000p,200000b,50000s
<C:/Users/Christina/AppData/Local/Programs/MiKTeX 2.9/fonts/type1/p
ublic/amsfonts/cm/cmbx10.pfb><C:/Users/Christina/AppData/Local/Programs/MiKTeX 
2.9/fonts/type1/public/amsfonts/cm/cmmi7.pfb><C:/Users/Christina/AppData/Local/
Programs/MiKTeX 2.9/fonts/type1/public/amsfonts/cm/cmr10.pfb><C:/Users/Christin
a/AppData/Local/Programs/MiKTeX 2.9/fonts/type1/public/amsfonts/cm/cmr12.pfb><C
:/Users/Christina/AppData/Local/Programs/MiKTeX 2.9/fonts/type1/public/amsfonts
/cm/cmr7.pfb><C:/Users/Christina/AppData/Local/Programs/MiKTeX 2.9/fonts/type1/
public/amsfonts/cm/cmr9.pfb><C:/Users/Christina/AppData/Local/Programs/MiKTeX 2
.9/fonts/type1/public/amsfonts/cm/cmssbx10.pfb><C:/Users/Christina/AppData/Loca
l/Programs/MiKTeX 2.9/fonts/type1/public/amsfonts/cm/cmsy10.pfb><C:/Users/Chris
tina/AppData/Local/Programs/MiKTeX 2.9/fonts/type1/public/amsfonts/cm/cmsy7.pfb
><C:/Users/Christina/AppData/Local/Programs/MiKTeX 2.9/fonts/type1/public/amsfo
nts/cm/cmtt8.pfb>
Output written on Java.pdf (25 pages, 1235563 bytes).
PDF statistics:
 274 PDF objects out of 1000 (max. 8388607)
 0 named destinations out of 1000 (max. 500000)
 111 words of extra memory for PDF output out of 10000 (max. 10000000)

